d:\code\txcc\tools\sipphone\phonelib\debug\vc140.pdb
d:\code\txcc\tools\sipphone\phonelib\debug\vc140.idb
d:\code\txcc\tools\sipphone\phonelib\debug\phonelib.obj
d:\code\txcc\tools\sipphone\phonelib\debug\main.obj
d:\code\txcc\tools\sipphone\phonelib\debug\phonelib.lib
d:\code\txcc\tools\sipphone\phonelib\debug\phonelib.idb
d:\code\txcc\tools\sipphone\phonelib\debug\phonelib.pdb
d:\code\txcc\tools\sipphone\phonelib\debug\phonelib.tlog\cl.command.1.tlog
d:\code\txcc\tools\sipphone\phonelib\debug\phonelib.tlog\cl.read.1.tlog
d:\code\txcc\tools\sipphone\phonelib\debug\phonelib.tlog\cl.write.1.tlog
d:\code\txcc\tools\sipphone\phonelib\debug\phonelib.tlog\lib-link.read.1.tlog
d:\code\txcc\tools\sipphone\phonelib\debug\phonelib.tlog\lib-link.write.1.tlog
d:\code\txcc\tools\sipphone\phonelib\debug\phonelib.tlog\lib.command.1.tlog
d:\code\txcc\tools\sipphone\phonelib\debug\phonelib.tlog\link-cvtres.read.1.tlog
d:\code\txcc\tools\sipphone\phonelib\debug\phonelib.tlog\link-cvtres.write.1.tlog
d:\code\txcc\tools\sipphone\phonelib\debug\phonelib.tlog\link-rc.read.1.tlog
d:\code\txcc\tools\sipphone\phonelib\debug\phonelib.tlog\link-rc.write.1.tlog
d:\code\txcc\tools\sipphone\phonelib\debug\phonelib.tlog\link.command.1.tlog
d:\code\txcc\tools\sipphone\phonelib\debug\phonelib.tlog\link.read.1.tlog
d:\code\txcc\tools\sipphone\phonelib\debug\phonelib.tlog\link.write.1.tlog
