  activesock.c
  addr_resolv_sock.c
  array.c
  config.c
  ctype.c
  errno.c
d:\code\txcc\dep\pjproject-2.3\pjlib\src\pj\errno.c(101): warning C4456: “len”的声明隐藏了上一个本地声明
  d:\code\txcc\dep\pjproject-2.3\pjlib\src\pj\errno.c(94): note: 参见“len”的声明
  except.c
  fifobuf.c
  file_access_win32.c
  file_io_win32.c
  guid.c
  guid_win32.c
  hash.c
  ioqueue_select.c
  ip_helper_win32.c
  list.c
  lock.c
  log.c
  log_writer_stdout.c
  os_core_win32.c
  正在生成代码...
  正在编译...
  os_error_win32.c
  os_info.c
  os_timestamp_common.c
  os_timestamp_win32.c
  os_time_win32.c
  pool.c
  pool_buf.c
  pool_caching.c
d:\code\txcc\dep\pjproject-2.3\pjlib\src\pj\pool_caching.c(93): warning C4456: “pool”的声明隐藏了上一个本地声明
  d:\code\txcc\dep\pjproject-2.3\pjlib\src\pj\pool_caching.c(87): note: 参见“pool”的声明
  pool_dbg.c
  pool_policy_malloc.c
  rand.c
  rbtree.c
  sock_bsd.c
  sock_common.c
  sock_qos_bsd.c
  sock_qos_common.c
  sock_qos_dummy.c
  sock_qos_wm.c
  sock_select.c
  ssl_sock_common.c
  正在生成代码...
  正在编译...
  ssl_sock_dump.c
  ssl_sock_ossl.c
  string.c
  timer.c
  types.c
  unicode_win32.c
  正在生成代码...
C:\Program Files (x86)\MSBuild\Microsoft.Cpp\v4.0\V140\Microsoft.CppBuild.targets(1357,5): warning MSB8012: TargetPath(D:\code\txCC\dep\pjproject-2.3\pjlib\build\.\output\pjlib--Win32-vc8-Debug\pjlib.lib) does not match the Library's OutputFile property value (D:\code\txCC\dep\pjproject-2.3\pjlib\lib\pjlib-i386-Win32-vc8-Debug.lib). This may cause your project to build incorrectly. To correct this, please make sure that $(OutDir), $(TargetName) and $(TargetExt) property values match the value specified in %(Lib.OutputFile).
C:\Program Files (x86)\MSBuild\Microsoft.Cpp\v4.0\V140\Microsoft.CppBuild.targets(1359,5): warning MSB8012: TargetName(pjlib) does not match the Library's OutputFile property value (pjlib-i386-Win32-vc8-Debug). This may cause your project to build incorrectly. To correct this, please make sure that $(OutDir), $(TargetName) and $(TargetExt) property values match the value specified in %(Lib.OutputFile).
  pjlib.vcxproj -> D:\code\txCC\dep\pjproject-2.3\pjlib\build\.\output\pjlib--Win32-vc8-Debug\pjlib.lib
