d:\code\txcc\tools\sipphone-old\pjproject-2.8\pjmedia\lib\pjmedia-i386-win32-vc14-debug.bsc
d:\code\txcc\tools\sipphone-old\pjproject-2.8\pjmedia\build\output\pjmedia-i386-win32-vc14-debug\pjmedia.pdb
d:\code\txcc\tools\sipphone-old\pjproject-2.8\pjmedia\build\output\pjmedia-i386-win32-vc14-debug\alaw_ulaw.sbr
d:\code\txcc\tools\sipphone-old\pjproject-2.8\pjmedia\build\output\pjmedia-i386-win32-vc14-debug\alaw_ulaw_table.sbr
d:\code\txcc\tools\sipphone-old\pjproject-2.8\pjmedia\build\output\pjmedia-i386-win32-vc14-debug\audiodev.sbr
d:\code\txcc\tools\sipphone-old\pjproject-2.8\pjmedia\build\output\pjmedia-i386-win32-vc14-debug\avi_player.sbr
d:\code\txcc\tools\sipphone-old\pjproject-2.8\pjmedia\build\output\pjmedia-i386-win32-vc14-debug\bidirectional.sbr
d:\code\txcc\tools\sipphone-old\pjproject-2.8\pjmedia\build\output\pjmedia-i386-win32-vc14-debug\clock_thread.sbr
d:\code\txcc\tools\sipphone-old\pjproject-2.8\pjmedia\build\output\pjmedia-i386-win32-vc14-debug\codec.sbr
d:\code\txcc\tools\sipphone-old\pjproject-2.8\pjmedia\build\output\pjmedia-i386-win32-vc14-debug\conference.sbr
d:\code\txcc\tools\sipphone-old\pjproject-2.8\pjmedia\build\output\pjmedia-i386-win32-vc14-debug\conf_switch.sbr
d:\code\txcc\tools\sipphone-old\pjproject-2.8\pjmedia\build\output\pjmedia-i386-win32-vc14-debug\converter.sbr
d:\code\txcc\tools\sipphone-old\pjproject-2.8\pjmedia\build\output\pjmedia-i386-win32-vc14-debug\converter_libswscale.sbr
d:\code\txcc\tools\sipphone-old\pjproject-2.8\pjmedia\build\output\pjmedia-i386-win32-vc14-debug\converter_libyuv.sbr
d:\code\txcc\tools\sipphone-old\pjproject-2.8\pjmedia\build\output\pjmedia-i386-win32-vc14-debug\delaybuf.sbr
d:\code\txcc\tools\sipphone-old\pjproject-2.8\pjmedia\build\output\pjmedia-i386-win32-vc14-debug\echo_common.sbr
d:\code\txcc\tools\sipphone-old\pjproject-2.8\pjmedia\build\output\pjmedia-i386-win32-vc14-debug\echo_port.sbr
d:\code\txcc\tools\sipphone-old\pjproject-2.8\pjmedia\build\output\pjmedia-i386-win32-vc14-debug\echo_speex.sbr
d:\code\txcc\tools\sipphone-old\pjproject-2.8\pjmedia\build\output\pjmedia-i386-win32-vc14-debug\echo_suppress.sbr
d:\code\txcc\tools\sipphone-old\pjproject-2.8\pjmedia\build\output\pjmedia-i386-win32-vc14-debug\echo_webrtc.sbr
d:\code\txcc\tools\sipphone-old\pjproject-2.8\pjmedia\build\output\pjmedia-i386-win32-vc14-debug\endpoint.sbr
d:\code\txcc\tools\sipphone-old\pjproject-2.8\pjmedia\build\output\pjmedia-i386-win32-vc14-debug\errno.sbr
d:\code\txcc\tools\sipphone-old\pjproject-2.8\pjmedia\build\output\pjmedia-i386-win32-vc14-debug\errno.obj
d:\code\txcc\tools\sipphone-old\pjproject-2.8\pjmedia\build\output\pjmedia-i386-win32-vc14-debug\endpoint.obj
d:\code\txcc\tools\sipphone-old\pjproject-2.8\pjmedia\build\output\pjmedia-i386-win32-vc14-debug\echo_webrtc.obj
d:\code\txcc\tools\sipphone-old\pjproject-2.8\pjmedia\build\output\pjmedia-i386-win32-vc14-debug\echo_suppress.obj
d:\code\txcc\tools\sipphone-old\pjproject-2.8\pjmedia\build\output\pjmedia-i386-win32-vc14-debug\echo_speex.obj
d:\code\txcc\tools\sipphone-old\pjproject-2.8\pjmedia\build\output\pjmedia-i386-win32-vc14-debug\echo_port.obj
d:\code\txcc\tools\sipphone-old\pjproject-2.8\pjmedia\build\output\pjmedia-i386-win32-vc14-debug\echo_common.obj
d:\code\txcc\tools\sipphone-old\pjproject-2.8\pjmedia\build\output\pjmedia-i386-win32-vc14-debug\delaybuf.obj
d:\code\txcc\tools\sipphone-old\pjproject-2.8\pjmedia\build\output\pjmedia-i386-win32-vc14-debug\converter_libyuv.obj
d:\code\txcc\tools\sipphone-old\pjproject-2.8\pjmedia\build\output\pjmedia-i386-win32-vc14-debug\converter_libswscale.obj
d:\code\txcc\tools\sipphone-old\pjproject-2.8\pjmedia\build\output\pjmedia-i386-win32-vc14-debug\converter.obj
d:\code\txcc\tools\sipphone-old\pjproject-2.8\pjmedia\build\output\pjmedia-i386-win32-vc14-debug\conf_switch.obj
d:\code\txcc\tools\sipphone-old\pjproject-2.8\pjmedia\build\output\pjmedia-i386-win32-vc14-debug\conference.obj
d:\code\txcc\tools\sipphone-old\pjproject-2.8\pjmedia\build\output\pjmedia-i386-win32-vc14-debug\codec.obj
d:\code\txcc\tools\sipphone-old\pjproject-2.8\pjmedia\build\output\pjmedia-i386-win32-vc14-debug\clock_thread.obj
d:\code\txcc\tools\sipphone-old\pjproject-2.8\pjmedia\build\output\pjmedia-i386-win32-vc14-debug\bidirectional.obj
d:\code\txcc\tools\sipphone-old\pjproject-2.8\pjmedia\build\output\pjmedia-i386-win32-vc14-debug\avi_player.obj
d:\code\txcc\tools\sipphone-old\pjproject-2.8\pjmedia\build\output\pjmedia-i386-win32-vc14-debug\audiodev.obj
d:\code\txcc\tools\sipphone-old\pjproject-2.8\pjmedia\build\output\pjmedia-i386-win32-vc14-debug\alaw_ulaw_table.obj
d:\code\txcc\tools\sipphone-old\pjproject-2.8\pjmedia\build\output\pjmedia-i386-win32-vc14-debug\alaw_ulaw.obj
d:\code\txcc\tools\sipphone-old\pjproject-2.8\pjmedia\build\output\pjmedia-i386-win32-vc14-debug\event.sbr
d:\code\txcc\tools\sipphone-old\pjproject-2.8\pjmedia\build\output\pjmedia-i386-win32-vc14-debug\ffmpeg_util.sbr
d:\code\txcc\tools\sipphone-old\pjproject-2.8\pjmedia\build\output\pjmedia-i386-win32-vc14-debug\format.sbr
d:\code\txcc\tools\sipphone-old\pjproject-2.8\pjmedia\build\output\pjmedia-i386-win32-vc14-debug\g711.sbr
d:\code\txcc\tools\sipphone-old\pjproject-2.8\pjmedia\build\output\pjmedia-i386-win32-vc14-debug\jbuf.sbr
d:\code\txcc\tools\sipphone-old\pjproject-2.8\pjmedia\build\output\pjmedia-i386-win32-vc14-debug\master_port.sbr
d:\code\txcc\tools\sipphone-old\pjproject-2.8\pjmedia\build\output\pjmedia-i386-win32-vc14-debug\mem_capture.sbr
d:\code\txcc\tools\sipphone-old\pjproject-2.8\pjmedia\build\output\pjmedia-i386-win32-vc14-debug\mem_player.sbr
d:\code\txcc\tools\sipphone-old\pjproject-2.8\pjmedia\build\output\pjmedia-i386-win32-vc14-debug\null_port.sbr
d:\code\txcc\tools\sipphone-old\pjproject-2.8\pjmedia\build\output\pjmedia-i386-win32-vc14-debug\plc_common.sbr
d:\code\txcc\tools\sipphone-old\pjproject-2.8\pjmedia\build\output\pjmedia-i386-win32-vc14-debug\port.sbr
d:\code\txcc\tools\sipphone-old\pjproject-2.8\pjmedia\build\output\pjmedia-i386-win32-vc14-debug\resample_libsamplerate.sbr
d:\code\txcc\tools\sipphone-old\pjproject-2.8\pjmedia\build\output\pjmedia-i386-win32-vc14-debug\resample_port.sbr
d:\code\txcc\tools\sipphone-old\pjproject-2.8\pjmedia\build\output\pjmedia-i386-win32-vc14-debug\resample_resample.sbr
d:\code\txcc\tools\sipphone-old\pjproject-2.8\pjmedia\build\output\pjmedia-i386-win32-vc14-debug\resample_speex.sbr
d:\code\txcc\tools\sipphone-old\pjproject-2.8\pjmedia\build\output\pjmedia-i386-win32-vc14-debug\rtcp.sbr
d:\code\txcc\tools\sipphone-old\pjproject-2.8\pjmedia\build\output\pjmedia-i386-win32-vc14-debug\rtcp_fb.sbr
d:\code\txcc\tools\sipphone-old\pjproject-2.8\pjmedia\build\output\pjmedia-i386-win32-vc14-debug\rtcp_xr.sbr
d:\code\txcc\tools\sipphone-old\pjproject-2.8\pjmedia\build\output\pjmedia-i386-win32-vc14-debug\rtp.sbr
d:\code\txcc\tools\sipphone-old\pjproject-2.8\pjmedia\build\output\pjmedia-i386-win32-vc14-debug\sdp.sbr
d:\code\txcc\tools\sipphone-old\pjproject-2.8\pjmedia\build\output\pjmedia-i386-win32-vc14-debug\sdp.obj
d:\code\txcc\tools\sipphone-old\pjproject-2.8\pjmedia\build\output\pjmedia-i386-win32-vc14-debug\rtp.obj
d:\code\txcc\tools\sipphone-old\pjproject-2.8\pjmedia\build\output\pjmedia-i386-win32-vc14-debug\rtcp_xr.obj
d:\code\txcc\tools\sipphone-old\pjproject-2.8\pjmedia\build\output\pjmedia-i386-win32-vc14-debug\rtcp_fb.obj
d:\code\txcc\tools\sipphone-old\pjproject-2.8\pjmedia\build\output\pjmedia-i386-win32-vc14-debug\rtcp.obj
d:\code\txcc\tools\sipphone-old\pjproject-2.8\pjmedia\build\output\pjmedia-i386-win32-vc14-debug\resample_speex.obj
d:\code\txcc\tools\sipphone-old\pjproject-2.8\pjmedia\build\output\pjmedia-i386-win32-vc14-debug\resample_resample.obj
d:\code\txcc\tools\sipphone-old\pjproject-2.8\pjmedia\build\output\pjmedia-i386-win32-vc14-debug\resample_port.obj
d:\code\txcc\tools\sipphone-old\pjproject-2.8\pjmedia\build\output\pjmedia-i386-win32-vc14-debug\resample_libsamplerate.obj
d:\code\txcc\tools\sipphone-old\pjproject-2.8\pjmedia\build\output\pjmedia-i386-win32-vc14-debug\port.obj
d:\code\txcc\tools\sipphone-old\pjproject-2.8\pjmedia\build\output\pjmedia-i386-win32-vc14-debug\plc_common.obj
d:\code\txcc\tools\sipphone-old\pjproject-2.8\pjmedia\build\output\pjmedia-i386-win32-vc14-debug\null_port.obj
d:\code\txcc\tools\sipphone-old\pjproject-2.8\pjmedia\build\output\pjmedia-i386-win32-vc14-debug\mem_player.obj
d:\code\txcc\tools\sipphone-old\pjproject-2.8\pjmedia\build\output\pjmedia-i386-win32-vc14-debug\mem_capture.obj
d:\code\txcc\tools\sipphone-old\pjproject-2.8\pjmedia\build\output\pjmedia-i386-win32-vc14-debug\master_port.obj
d:\code\txcc\tools\sipphone-old\pjproject-2.8\pjmedia\build\output\pjmedia-i386-win32-vc14-debug\jbuf.obj
d:\code\txcc\tools\sipphone-old\pjproject-2.8\pjmedia\build\output\pjmedia-i386-win32-vc14-debug\g711.obj
d:\code\txcc\tools\sipphone-old\pjproject-2.8\pjmedia\build\output\pjmedia-i386-win32-vc14-debug\format.obj
d:\code\txcc\tools\sipphone-old\pjproject-2.8\pjmedia\build\output\pjmedia-i386-win32-vc14-debug\ffmpeg_util.obj
d:\code\txcc\tools\sipphone-old\pjproject-2.8\pjmedia\build\output\pjmedia-i386-win32-vc14-debug\event.obj
d:\code\txcc\tools\sipphone-old\pjproject-2.8\pjmedia\build\output\pjmedia-i386-win32-vc14-debug\sdp_cmp.sbr
d:\code\txcc\tools\sipphone-old\pjproject-2.8\pjmedia\build\output\pjmedia-i386-win32-vc14-debug\sdp_neg.sbr
d:\code\txcc\tools\sipphone-old\pjproject-2.8\pjmedia\build\output\pjmedia-i386-win32-vc14-debug\silencedet.sbr
d:\code\txcc\tools\sipphone-old\pjproject-2.8\pjmedia\build\output\pjmedia-i386-win32-vc14-debug\sound_legacy.sbr
d:\code\txcc\tools\sipphone-old\pjproject-2.8\pjmedia\build\output\pjmedia-i386-win32-vc14-debug\sound_port.sbr
d:\code\txcc\tools\sipphone-old\pjproject-2.8\pjmedia\build\output\pjmedia-i386-win32-vc14-debug\splitcomb.sbr
d:\code\txcc\tools\sipphone-old\pjproject-2.8\pjmedia\build\output\pjmedia-i386-win32-vc14-debug\stereo_port.sbr
d:\code\txcc\tools\sipphone-old\pjproject-2.8\pjmedia\build\output\pjmedia-i386-win32-vc14-debug\stream.sbr
d:\code\txcc\tools\sipphone-old\pjproject-2.8\pjmedia\build\output\pjmedia-i386-win32-vc14-debug\stream_common.sbr
d:\code\txcc\tools\sipphone-old\pjproject-2.8\pjmedia\build\output\pjmedia-i386-win32-vc14-debug\stream_info.sbr
d:\code\txcc\tools\sipphone-old\pjproject-2.8\pjmedia\build\output\pjmedia-i386-win32-vc14-debug\tonegen.sbr
d:\code\txcc\tools\sipphone-old\pjproject-2.8\pjmedia\build\output\pjmedia-i386-win32-vc14-debug\transport_adapter_sample.sbr
d:\code\txcc\tools\sipphone-old\pjproject-2.8\pjmedia\build\output\pjmedia-i386-win32-vc14-debug\transport_ice.sbr
d:\code\txcc\tools\sipphone-old\pjproject-2.8\pjmedia\build\output\pjmedia-i386-win32-vc14-debug\transport_loop.sbr
d:\code\txcc\tools\sipphone-old\pjproject-2.8\pjmedia\build\output\pjmedia-i386-win32-vc14-debug\transport_srtp.sbr
d:\code\txcc\tools\sipphone-old\pjproject-2.8\pjmedia\build\output\pjmedia-i386-win32-vc14-debug\transport_udp.sbr
d:\code\txcc\tools\sipphone-old\pjproject-2.8\pjmedia\build\output\pjmedia-i386-win32-vc14-debug\types.sbr
d:\code\txcc\tools\sipphone-old\pjproject-2.8\pjmedia\build\output\pjmedia-i386-win32-vc14-debug\videodev.sbr
d:\code\txcc\tools\sipphone-old\pjproject-2.8\pjmedia\build\output\pjmedia-i386-win32-vc14-debug\vid_codec.sbr
d:\code\txcc\tools\sipphone-old\pjproject-2.8\pjmedia\build\output\pjmedia-i386-win32-vc14-debug\vid_codec_util.sbr
d:\code\txcc\tools\sipphone-old\pjproject-2.8\pjmedia\build\output\pjmedia-i386-win32-vc14-debug\vid_codec_util.obj
d:\code\txcc\tools\sipphone-old\pjproject-2.8\pjmedia\build\output\pjmedia-i386-win32-vc14-debug\vid_codec.obj
d:\code\txcc\tools\sipphone-old\pjproject-2.8\pjmedia\build\output\pjmedia-i386-win32-vc14-debug\videodev.obj
d:\code\txcc\tools\sipphone-old\pjproject-2.8\pjmedia\build\output\pjmedia-i386-win32-vc14-debug\types.obj
d:\code\txcc\tools\sipphone-old\pjproject-2.8\pjmedia\build\output\pjmedia-i386-win32-vc14-debug\transport_udp.obj
d:\code\txcc\tools\sipphone-old\pjproject-2.8\pjmedia\build\output\pjmedia-i386-win32-vc14-debug\transport_srtp.obj
d:\code\txcc\tools\sipphone-old\pjproject-2.8\pjmedia\build\output\pjmedia-i386-win32-vc14-debug\transport_loop.obj
d:\code\txcc\tools\sipphone-old\pjproject-2.8\pjmedia\build\output\pjmedia-i386-win32-vc14-debug\transport_ice.obj
d:\code\txcc\tools\sipphone-old\pjproject-2.8\pjmedia\build\output\pjmedia-i386-win32-vc14-debug\transport_adapter_sample.obj
d:\code\txcc\tools\sipphone-old\pjproject-2.8\pjmedia\build\output\pjmedia-i386-win32-vc14-debug\tonegen.obj
d:\code\txcc\tools\sipphone-old\pjproject-2.8\pjmedia\build\output\pjmedia-i386-win32-vc14-debug\stream_info.obj
d:\code\txcc\tools\sipphone-old\pjproject-2.8\pjmedia\build\output\pjmedia-i386-win32-vc14-debug\stream_common.obj
d:\code\txcc\tools\sipphone-old\pjproject-2.8\pjmedia\build\output\pjmedia-i386-win32-vc14-debug\stream.obj
d:\code\txcc\tools\sipphone-old\pjproject-2.8\pjmedia\build\output\pjmedia-i386-win32-vc14-debug\stereo_port.obj
d:\code\txcc\tools\sipphone-old\pjproject-2.8\pjmedia\build\output\pjmedia-i386-win32-vc14-debug\splitcomb.obj
d:\code\txcc\tools\sipphone-old\pjproject-2.8\pjmedia\build\output\pjmedia-i386-win32-vc14-debug\sound_port.obj
d:\code\txcc\tools\sipphone-old\pjproject-2.8\pjmedia\build\output\pjmedia-i386-win32-vc14-debug\sound_legacy.obj
d:\code\txcc\tools\sipphone-old\pjproject-2.8\pjmedia\build\output\pjmedia-i386-win32-vc14-debug\silencedet.obj
d:\code\txcc\tools\sipphone-old\pjproject-2.8\pjmedia\build\output\pjmedia-i386-win32-vc14-debug\sdp_neg.obj
d:\code\txcc\tools\sipphone-old\pjproject-2.8\pjmedia\build\output\pjmedia-i386-win32-vc14-debug\sdp_cmp.obj
d:\code\txcc\tools\sipphone-old\pjproject-2.8\pjmedia\build\output\pjmedia-i386-win32-vc14-debug\vid_port.sbr
d:\code\txcc\tools\sipphone-old\pjproject-2.8\pjmedia\build\output\pjmedia-i386-win32-vc14-debug\vid_stream.sbr
d:\code\txcc\tools\sipphone-old\pjproject-2.8\pjmedia\build\output\pjmedia-i386-win32-vc14-debug\vid_stream_info.sbr
d:\code\txcc\tools\sipphone-old\pjproject-2.8\pjmedia\build\output\pjmedia-i386-win32-vc14-debug\vid_tee.sbr
d:\code\txcc\tools\sipphone-old\pjproject-2.8\pjmedia\build\output\pjmedia-i386-win32-vc14-debug\wave.sbr
d:\code\txcc\tools\sipphone-old\pjproject-2.8\pjmedia\build\output\pjmedia-i386-win32-vc14-debug\wav_player.sbr
d:\code\txcc\tools\sipphone-old\pjproject-2.8\pjmedia\build\output\pjmedia-i386-win32-vc14-debug\wav_playlist.sbr
d:\code\txcc\tools\sipphone-old\pjproject-2.8\pjmedia\build\output\pjmedia-i386-win32-vc14-debug\wav_writer.sbr
d:\code\txcc\tools\sipphone-old\pjproject-2.8\pjmedia\build\output\pjmedia-i386-win32-vc14-debug\wsola.sbr
d:\code\txcc\tools\sipphone-old\pjproject-2.8\pjmedia\build\output\pjmedia-i386-win32-vc14-debug\wsola.obj
d:\code\txcc\tools\sipphone-old\pjproject-2.8\pjmedia\build\output\pjmedia-i386-win32-vc14-debug\wav_writer.obj
d:\code\txcc\tools\sipphone-old\pjproject-2.8\pjmedia\build\output\pjmedia-i386-win32-vc14-debug\wav_playlist.obj
d:\code\txcc\tools\sipphone-old\pjproject-2.8\pjmedia\build\output\pjmedia-i386-win32-vc14-debug\wav_player.obj
d:\code\txcc\tools\sipphone-old\pjproject-2.8\pjmedia\build\output\pjmedia-i386-win32-vc14-debug\wave.obj
d:\code\txcc\tools\sipphone-old\pjproject-2.8\pjmedia\build\output\pjmedia-i386-win32-vc14-debug\vid_tee.obj
d:\code\txcc\tools\sipphone-old\pjproject-2.8\pjmedia\build\output\pjmedia-i386-win32-vc14-debug\vid_stream_info.obj
d:\code\txcc\tools\sipphone-old\pjproject-2.8\pjmedia\build\output\pjmedia-i386-win32-vc14-debug\vid_stream.obj
d:\code\txcc\tools\sipphone-old\pjproject-2.8\pjmedia\build\output\pjmedia-i386-win32-vc14-debug\vid_port.obj
d:\code\txcc\tools\sipphone-old\pjproject-2.8\pjmedia\lib\pjmedia-i386-win32-vc14-debug.lib
d:\code\txcc\tools\sipphone\pjproject-2.8\pjmedia\build\output\pjmedia-i386-win32-vc14-debug\alaw_ulaw.obj
d:\code\txcc\tools\sipphone\pjproject-2.8\pjmedia\build\output\pjmedia-i386-win32-vc14-debug\alaw_ulaw_table.obj
d:\code\txcc\tools\sipphone\pjproject-2.8\pjmedia\build\output\pjmedia-i386-win32-vc14-debug\audiodev.obj
d:\code\txcc\tools\sipphone\pjproject-2.8\pjmedia\build\output\pjmedia-i386-win32-vc14-debug\avi_player.obj
d:\code\txcc\tools\sipphone\pjproject-2.8\pjmedia\build\output\pjmedia-i386-win32-vc14-debug\bidirectional.obj
d:\code\txcc\tools\sipphone\pjproject-2.8\pjmedia\build\output\pjmedia-i386-win32-vc14-debug\clock_thread.obj
d:\code\txcc\tools\sipphone\pjproject-2.8\pjmedia\build\output\pjmedia-i386-win32-vc14-debug\codec.obj
d:\code\txcc\tools\sipphone\pjproject-2.8\pjmedia\build\output\pjmedia-i386-win32-vc14-debug\conference.obj
d:\code\txcc\tools\sipphone\pjproject-2.8\pjmedia\build\output\pjmedia-i386-win32-vc14-debug\conf_switch.obj
d:\code\txcc\tools\sipphone\pjproject-2.8\pjmedia\build\output\pjmedia-i386-win32-vc14-debug\converter.obj
d:\code\txcc\tools\sipphone\pjproject-2.8\pjmedia\build\output\pjmedia-i386-win32-vc14-debug\converter_libswscale.obj
d:\code\txcc\tools\sipphone\pjproject-2.8\pjmedia\build\output\pjmedia-i386-win32-vc14-debug\converter_libyuv.obj
d:\code\txcc\tools\sipphone\pjproject-2.8\pjmedia\build\output\pjmedia-i386-win32-vc14-debug\delaybuf.obj
d:\code\txcc\tools\sipphone\pjproject-2.8\pjmedia\build\output\pjmedia-i386-win32-vc14-debug\echo_common.obj
d:\code\txcc\tools\sipphone\pjproject-2.8\pjmedia\build\output\pjmedia-i386-win32-vc14-debug\echo_port.obj
d:\code\txcc\tools\sipphone\pjproject-2.8\pjmedia\build\output\pjmedia-i386-win32-vc14-debug\echo_speex.obj
d:\code\txcc\tools\sipphone\pjproject-2.8\pjmedia\build\output\pjmedia-i386-win32-vc14-debug\echo_suppress.obj
d:\code\txcc\tools\sipphone\pjproject-2.8\pjmedia\build\output\pjmedia-i386-win32-vc14-debug\echo_webrtc.obj
d:\code\txcc\tools\sipphone\pjproject-2.8\pjmedia\build\output\pjmedia-i386-win32-vc14-debug\endpoint.obj
d:\code\txcc\tools\sipphone\pjproject-2.8\pjmedia\build\output\pjmedia-i386-win32-vc14-debug\errno.obj
d:\code\txcc\tools\sipphone\pjproject-2.8\pjmedia\build\output\pjmedia-i386-win32-vc14-debug\event.obj
d:\code\txcc\tools\sipphone\pjproject-2.8\pjmedia\build\output\pjmedia-i386-win32-vc14-debug\ffmpeg_util.obj
d:\code\txcc\tools\sipphone\pjproject-2.8\pjmedia\build\output\pjmedia-i386-win32-vc14-debug\format.obj
d:\code\txcc\tools\sipphone\pjproject-2.8\pjmedia\build\output\pjmedia-i386-win32-vc14-debug\g711.obj
d:\code\txcc\tools\sipphone\pjproject-2.8\pjmedia\build\output\pjmedia-i386-win32-vc14-debug\jbuf.obj
d:\code\txcc\tools\sipphone\pjproject-2.8\pjmedia\build\output\pjmedia-i386-win32-vc14-debug\master_port.obj
d:\code\txcc\tools\sipphone\pjproject-2.8\pjmedia\build\output\pjmedia-i386-win32-vc14-debug\mem_capture.obj
d:\code\txcc\tools\sipphone\pjproject-2.8\pjmedia\build\output\pjmedia-i386-win32-vc14-debug\mem_player.obj
d:\code\txcc\tools\sipphone\pjproject-2.8\pjmedia\build\output\pjmedia-i386-win32-vc14-debug\null_port.obj
d:\code\txcc\tools\sipphone\pjproject-2.8\pjmedia\build\output\pjmedia-i386-win32-vc14-debug\plc_common.obj
d:\code\txcc\tools\sipphone\pjproject-2.8\pjmedia\build\output\pjmedia-i386-win32-vc14-debug\port.obj
d:\code\txcc\tools\sipphone\pjproject-2.8\pjmedia\build\output\pjmedia-i386-win32-vc14-debug\resample_libsamplerate.obj
d:\code\txcc\tools\sipphone\pjproject-2.8\pjmedia\build\output\pjmedia-i386-win32-vc14-debug\resample_port.obj
d:\code\txcc\tools\sipphone\pjproject-2.8\pjmedia\build\output\pjmedia-i386-win32-vc14-debug\resample_resample.obj
d:\code\txcc\tools\sipphone\pjproject-2.8\pjmedia\build\output\pjmedia-i386-win32-vc14-debug\resample_speex.obj
d:\code\txcc\tools\sipphone\pjproject-2.8\pjmedia\build\output\pjmedia-i386-win32-vc14-debug\rtcp.obj
d:\code\txcc\tools\sipphone\pjproject-2.8\pjmedia\build\output\pjmedia-i386-win32-vc14-debug\rtcp_fb.obj
d:\code\txcc\tools\sipphone\pjproject-2.8\pjmedia\build\output\pjmedia-i386-win32-vc14-debug\rtcp_xr.obj
d:\code\txcc\tools\sipphone\pjproject-2.8\pjmedia\build\output\pjmedia-i386-win32-vc14-debug\rtp.obj
d:\code\txcc\tools\sipphone\pjproject-2.8\pjmedia\build\output\pjmedia-i386-win32-vc14-debug\sdp.obj
d:\code\txcc\tools\sipphone\pjproject-2.8\pjmedia\build\output\pjmedia-i386-win32-vc14-debug\sdp_cmp.obj
d:\code\txcc\tools\sipphone\pjproject-2.8\pjmedia\build\output\pjmedia-i386-win32-vc14-debug\sdp_neg.obj
d:\code\txcc\tools\sipphone\pjproject-2.8\pjmedia\build\output\pjmedia-i386-win32-vc14-debug\silencedet.obj
d:\code\txcc\tools\sipphone\pjproject-2.8\pjmedia\build\output\pjmedia-i386-win32-vc14-debug\sound_legacy.obj
d:\code\txcc\tools\sipphone\pjproject-2.8\pjmedia\build\output\pjmedia-i386-win32-vc14-debug\sound_port.obj
d:\code\txcc\tools\sipphone\pjproject-2.8\pjmedia\build\output\pjmedia-i386-win32-vc14-debug\splitcomb.obj
d:\code\txcc\tools\sipphone\pjproject-2.8\pjmedia\build\output\pjmedia-i386-win32-vc14-debug\stereo_port.obj
d:\code\txcc\tools\sipphone\pjproject-2.8\pjmedia\build\output\pjmedia-i386-win32-vc14-debug\stream.obj
d:\code\txcc\tools\sipphone\pjproject-2.8\pjmedia\build\output\pjmedia-i386-win32-vc14-debug\stream_common.obj
d:\code\txcc\tools\sipphone\pjproject-2.8\pjmedia\build\output\pjmedia-i386-win32-vc14-debug\stream_info.obj
d:\code\txcc\tools\sipphone\pjproject-2.8\pjmedia\build\output\pjmedia-i386-win32-vc14-debug\tonegen.obj
d:\code\txcc\tools\sipphone\pjproject-2.8\pjmedia\build\output\pjmedia-i386-win32-vc14-debug\transport_adapter_sample.obj
d:\code\txcc\tools\sipphone\pjproject-2.8\pjmedia\build\output\pjmedia-i386-win32-vc14-debug\transport_ice.obj
d:\code\txcc\tools\sipphone\pjproject-2.8\pjmedia\build\output\pjmedia-i386-win32-vc14-debug\transport_loop.obj
d:\code\txcc\tools\sipphone\pjproject-2.8\pjmedia\build\output\pjmedia-i386-win32-vc14-debug\transport_srtp.obj
d:\code\txcc\tools\sipphone\pjproject-2.8\pjmedia\build\output\pjmedia-i386-win32-vc14-debug\transport_udp.obj
d:\code\txcc\tools\sipphone\pjproject-2.8\pjmedia\build\output\pjmedia-i386-win32-vc14-debug\types.obj
d:\code\txcc\tools\sipphone\pjproject-2.8\pjmedia\build\output\pjmedia-i386-win32-vc14-debug\videodev.obj
d:\code\txcc\tools\sipphone\pjproject-2.8\pjmedia\build\output\pjmedia-i386-win32-vc14-debug\vid_codec.obj
d:\code\txcc\tools\sipphone\pjproject-2.8\pjmedia\build\output\pjmedia-i386-win32-vc14-debug\vid_codec_util.obj
d:\code\txcc\tools\sipphone\pjproject-2.8\pjmedia\build\output\pjmedia-i386-win32-vc14-debug\vid_port.obj
d:\code\txcc\tools\sipphone\pjproject-2.8\pjmedia\build\output\pjmedia-i386-win32-vc14-debug\vid_stream.obj
d:\code\txcc\tools\sipphone\pjproject-2.8\pjmedia\build\output\pjmedia-i386-win32-vc14-debug\vid_stream_info.obj
d:\code\txcc\tools\sipphone\pjproject-2.8\pjmedia\build\output\pjmedia-i386-win32-vc14-debug\vid_tee.obj
d:\code\txcc\tools\sipphone\pjproject-2.8\pjmedia\build\output\pjmedia-i386-win32-vc14-debug\wave.obj
d:\code\txcc\tools\sipphone\pjproject-2.8\pjmedia\build\output\pjmedia-i386-win32-vc14-debug\wav_player.obj
d:\code\txcc\tools\sipphone\pjproject-2.8\pjmedia\build\output\pjmedia-i386-win32-vc14-debug\wav_playlist.obj
d:\code\txcc\tools\sipphone\pjproject-2.8\pjmedia\build\output\pjmedia-i386-win32-vc14-debug\wav_writer.obj
d:\code\txcc\tools\sipphone\pjproject-2.8\pjmedia\build\output\pjmedia-i386-win32-vc14-debug\wsola.obj
d:\code\txcc\tools\sipphone\pjproject-2.8\pjmedia\build\output\pjmedia-i386-win32-vc14-debug\pjmedia.pdb
d:\code\txcc\tools\sipphone\pjproject-2.8\pjmedia\build\output\pjmedia-i386-win32-vc14-debug\alaw_ulaw.sbr
d:\code\txcc\tools\sipphone\pjproject-2.8\pjmedia\build\output\pjmedia-i386-win32-vc14-debug\alaw_ulaw_table.sbr
d:\code\txcc\tools\sipphone\pjproject-2.8\pjmedia\build\output\pjmedia-i386-win32-vc14-debug\audiodev.sbr
d:\code\txcc\tools\sipphone\pjproject-2.8\pjmedia\build\output\pjmedia-i386-win32-vc14-debug\avi_player.sbr
d:\code\txcc\tools\sipphone\pjproject-2.8\pjmedia\build\output\pjmedia-i386-win32-vc14-debug\bidirectional.sbr
d:\code\txcc\tools\sipphone\pjproject-2.8\pjmedia\build\output\pjmedia-i386-win32-vc14-debug\clock_thread.sbr
d:\code\txcc\tools\sipphone\pjproject-2.8\pjmedia\build\output\pjmedia-i386-win32-vc14-debug\codec.sbr
d:\code\txcc\tools\sipphone\pjproject-2.8\pjmedia\build\output\pjmedia-i386-win32-vc14-debug\conference.sbr
d:\code\txcc\tools\sipphone\pjproject-2.8\pjmedia\build\output\pjmedia-i386-win32-vc14-debug\conf_switch.sbr
d:\code\txcc\tools\sipphone\pjproject-2.8\pjmedia\build\output\pjmedia-i386-win32-vc14-debug\converter.sbr
d:\code\txcc\tools\sipphone\pjproject-2.8\pjmedia\build\output\pjmedia-i386-win32-vc14-debug\converter_libswscale.sbr
d:\code\txcc\tools\sipphone\pjproject-2.8\pjmedia\build\output\pjmedia-i386-win32-vc14-debug\converter_libyuv.sbr
d:\code\txcc\tools\sipphone\pjproject-2.8\pjmedia\build\output\pjmedia-i386-win32-vc14-debug\delaybuf.sbr
d:\code\txcc\tools\sipphone\pjproject-2.8\pjmedia\build\output\pjmedia-i386-win32-vc14-debug\echo_common.sbr
d:\code\txcc\tools\sipphone\pjproject-2.8\pjmedia\build\output\pjmedia-i386-win32-vc14-debug\echo_port.sbr
d:\code\txcc\tools\sipphone\pjproject-2.8\pjmedia\build\output\pjmedia-i386-win32-vc14-debug\echo_speex.sbr
d:\code\txcc\tools\sipphone\pjproject-2.8\pjmedia\build\output\pjmedia-i386-win32-vc14-debug\echo_suppress.sbr
d:\code\txcc\tools\sipphone\pjproject-2.8\pjmedia\build\output\pjmedia-i386-win32-vc14-debug\echo_webrtc.sbr
d:\code\txcc\tools\sipphone\pjproject-2.8\pjmedia\build\output\pjmedia-i386-win32-vc14-debug\endpoint.sbr
d:\code\txcc\tools\sipphone\pjproject-2.8\pjmedia\build\output\pjmedia-i386-win32-vc14-debug\errno.sbr
d:\code\txcc\tools\sipphone\pjproject-2.8\pjmedia\build\output\pjmedia-i386-win32-vc14-debug\event.sbr
d:\code\txcc\tools\sipphone\pjproject-2.8\pjmedia\build\output\pjmedia-i386-win32-vc14-debug\ffmpeg_util.sbr
d:\code\txcc\tools\sipphone\pjproject-2.8\pjmedia\build\output\pjmedia-i386-win32-vc14-debug\format.sbr
d:\code\txcc\tools\sipphone\pjproject-2.8\pjmedia\build\output\pjmedia-i386-win32-vc14-debug\g711.sbr
d:\code\txcc\tools\sipphone\pjproject-2.8\pjmedia\build\output\pjmedia-i386-win32-vc14-debug\jbuf.sbr
d:\code\txcc\tools\sipphone\pjproject-2.8\pjmedia\build\output\pjmedia-i386-win32-vc14-debug\master_port.sbr
d:\code\txcc\tools\sipphone\pjproject-2.8\pjmedia\build\output\pjmedia-i386-win32-vc14-debug\mem_capture.sbr
d:\code\txcc\tools\sipphone\pjproject-2.8\pjmedia\build\output\pjmedia-i386-win32-vc14-debug\mem_player.sbr
d:\code\txcc\tools\sipphone\pjproject-2.8\pjmedia\build\output\pjmedia-i386-win32-vc14-debug\null_port.sbr
d:\code\txcc\tools\sipphone\pjproject-2.8\pjmedia\build\output\pjmedia-i386-win32-vc14-debug\plc_common.sbr
d:\code\txcc\tools\sipphone\pjproject-2.8\pjmedia\build\output\pjmedia-i386-win32-vc14-debug\port.sbr
d:\code\txcc\tools\sipphone\pjproject-2.8\pjmedia\build\output\pjmedia-i386-win32-vc14-debug\resample_libsamplerate.sbr
d:\code\txcc\tools\sipphone\pjproject-2.8\pjmedia\build\output\pjmedia-i386-win32-vc14-debug\resample_port.sbr
d:\code\txcc\tools\sipphone\pjproject-2.8\pjmedia\build\output\pjmedia-i386-win32-vc14-debug\resample_resample.sbr
d:\code\txcc\tools\sipphone\pjproject-2.8\pjmedia\build\output\pjmedia-i386-win32-vc14-debug\resample_speex.sbr
d:\code\txcc\tools\sipphone\pjproject-2.8\pjmedia\build\output\pjmedia-i386-win32-vc14-debug\rtcp.sbr
d:\code\txcc\tools\sipphone\pjproject-2.8\pjmedia\build\output\pjmedia-i386-win32-vc14-debug\rtcp_fb.sbr
d:\code\txcc\tools\sipphone\pjproject-2.8\pjmedia\build\output\pjmedia-i386-win32-vc14-debug\rtcp_xr.sbr
d:\code\txcc\tools\sipphone\pjproject-2.8\pjmedia\build\output\pjmedia-i386-win32-vc14-debug\rtp.sbr
d:\code\txcc\tools\sipphone\pjproject-2.8\pjmedia\build\output\pjmedia-i386-win32-vc14-debug\sdp.sbr
d:\code\txcc\tools\sipphone\pjproject-2.8\pjmedia\build\output\pjmedia-i386-win32-vc14-debug\sdp_cmp.sbr
d:\code\txcc\tools\sipphone\pjproject-2.8\pjmedia\build\output\pjmedia-i386-win32-vc14-debug\sdp_neg.sbr
d:\code\txcc\tools\sipphone\pjproject-2.8\pjmedia\build\output\pjmedia-i386-win32-vc14-debug\silencedet.sbr
d:\code\txcc\tools\sipphone\pjproject-2.8\pjmedia\build\output\pjmedia-i386-win32-vc14-debug\sound_legacy.sbr
d:\code\txcc\tools\sipphone\pjproject-2.8\pjmedia\build\output\pjmedia-i386-win32-vc14-debug\sound_port.sbr
d:\code\txcc\tools\sipphone\pjproject-2.8\pjmedia\build\output\pjmedia-i386-win32-vc14-debug\splitcomb.sbr
d:\code\txcc\tools\sipphone\pjproject-2.8\pjmedia\build\output\pjmedia-i386-win32-vc14-debug\stereo_port.sbr
d:\code\txcc\tools\sipphone\pjproject-2.8\pjmedia\build\output\pjmedia-i386-win32-vc14-debug\stream.sbr
d:\code\txcc\tools\sipphone\pjproject-2.8\pjmedia\build\output\pjmedia-i386-win32-vc14-debug\stream_common.sbr
d:\code\txcc\tools\sipphone\pjproject-2.8\pjmedia\build\output\pjmedia-i386-win32-vc14-debug\stream_info.sbr
d:\code\txcc\tools\sipphone\pjproject-2.8\pjmedia\build\output\pjmedia-i386-win32-vc14-debug\tonegen.sbr
d:\code\txcc\tools\sipphone\pjproject-2.8\pjmedia\build\output\pjmedia-i386-win32-vc14-debug\transport_adapter_sample.sbr
d:\code\txcc\tools\sipphone\pjproject-2.8\pjmedia\build\output\pjmedia-i386-win32-vc14-debug\transport_ice.sbr
d:\code\txcc\tools\sipphone\pjproject-2.8\pjmedia\build\output\pjmedia-i386-win32-vc14-debug\transport_loop.sbr
d:\code\txcc\tools\sipphone\pjproject-2.8\pjmedia\build\output\pjmedia-i386-win32-vc14-debug\transport_srtp.sbr
d:\code\txcc\tools\sipphone\pjproject-2.8\pjmedia\build\output\pjmedia-i386-win32-vc14-debug\transport_udp.sbr
d:\code\txcc\tools\sipphone\pjproject-2.8\pjmedia\build\output\pjmedia-i386-win32-vc14-debug\types.sbr
d:\code\txcc\tools\sipphone\pjproject-2.8\pjmedia\build\output\pjmedia-i386-win32-vc14-debug\videodev.sbr
d:\code\txcc\tools\sipphone\pjproject-2.8\pjmedia\build\output\pjmedia-i386-win32-vc14-debug\vid_codec.sbr
d:\code\txcc\tools\sipphone\pjproject-2.8\pjmedia\build\output\pjmedia-i386-win32-vc14-debug\vid_codec_util.sbr
d:\code\txcc\tools\sipphone\pjproject-2.8\pjmedia\build\output\pjmedia-i386-win32-vc14-debug\vid_port.sbr
d:\code\txcc\tools\sipphone\pjproject-2.8\pjmedia\build\output\pjmedia-i386-win32-vc14-debug\vid_stream.sbr
d:\code\txcc\tools\sipphone\pjproject-2.8\pjmedia\build\output\pjmedia-i386-win32-vc14-debug\vid_stream_info.sbr
d:\code\txcc\tools\sipphone\pjproject-2.8\pjmedia\build\output\pjmedia-i386-win32-vc14-debug\vid_tee.sbr
d:\code\txcc\tools\sipphone\pjproject-2.8\pjmedia\build\output\pjmedia-i386-win32-vc14-debug\wave.sbr
d:\code\txcc\tools\sipphone\pjproject-2.8\pjmedia\build\output\pjmedia-i386-win32-vc14-debug\wav_player.sbr
d:\code\txcc\tools\sipphone\pjproject-2.8\pjmedia\build\output\pjmedia-i386-win32-vc14-debug\wav_playlist.sbr
d:\code\txcc\tools\sipphone\pjproject-2.8\pjmedia\build\output\pjmedia-i386-win32-vc14-debug\wav_writer.sbr
d:\code\txcc\tools\sipphone\pjproject-2.8\pjmedia\build\output\pjmedia-i386-win32-vc14-debug\wsola.sbr
d:\code\txcc\tools\sipphone\pjproject-2.8\pjmedia\build\..\lib\pjmedia-i386-win32-vc14-debug.lib
d:\code\txcc\tools\sipphone\pjproject-2.8\pjmedia\build\output\pjmedia-i386-win32-vc14-debug\pjmedia.tlog\bscmake.command.1.tlog
d:\code\txcc\tools\sipphone\pjproject-2.8\pjmedia\build\output\pjmedia-i386-win32-vc14-debug\pjmedia.tlog\bscmake.read.1.tlog
d:\code\txcc\tools\sipphone\pjproject-2.8\pjmedia\build\output\pjmedia-i386-win32-vc14-debug\pjmedia.tlog\bscmake.write.1.tlog
d:\code\txcc\tools\sipphone\pjproject-2.8\pjmedia\build\output\pjmedia-i386-win32-vc14-debug\pjmedia.tlog\cl.command.1.tlog
d:\code\txcc\tools\sipphone\pjproject-2.8\pjmedia\build\output\pjmedia-i386-win32-vc14-debug\pjmedia.tlog\cl.read.1.tlog
d:\code\txcc\tools\sipphone\pjproject-2.8\pjmedia\build\output\pjmedia-i386-win32-vc14-debug\pjmedia.tlog\cl.write.1.tlog
d:\code\txcc\tools\sipphone\pjproject-2.8\pjmedia\build\output\pjmedia-i386-win32-vc14-debug\pjmedia.tlog\lib-link.read.1.tlog
d:\code\txcc\tools\sipphone\pjproject-2.8\pjmedia\build\output\pjmedia-i386-win32-vc14-debug\pjmedia.tlog\lib-link.write.1.tlog
d:\code\txcc\tools\sipphone\pjproject-2.8\pjmedia\build\output\pjmedia-i386-win32-vc14-debug\pjmedia.tlog\lib.command.1.tlog
